0 info it worked if it ends with ok
1 verbose cli [ '/usr/bin/nodejs', '/usr/bin/npm', 'run', 'dev' ]
2 info using npm@4.1.2
3 info using node@v7.7.2
4 verbose config Skipping project config: /home/irwin/.npmrc. (matches userconfig)
5 verbose run-script [ 'predev', 'dev', 'postdev' ]
6 info lifecycle mall-directory-apps@0.0.0~predev: mall-directory-apps@0.0.0
7 silly lifecycle mall-directory-apps@0.0.0~predev: no script for predev, continuing
8 info lifecycle mall-directory-apps@0.0.0~dev: mall-directory-apps@0.0.0
9 verbose lifecycle mall-directory-apps@0.0.0~dev: unsafe-perm in lifecycle true
10 verbose lifecycle mall-directory-apps@0.0.0~dev: PATH: /usr/lib/node_modules/npm/bin/node-gyp-bin:/home/irwin/node_modules/.bin:/home/irwin/bin:/home/irwin/bin:/usr/local/sbin:/usr/local/bin:/usr/sbin:/usr/bin:/sbin:/bin:/usr/games:/usr/local/games
11 verbose lifecycle mall-directory-apps@0.0.0~dev: CWD: /home/irwin
12 silly lifecycle mall-directory-apps@0.0.0~dev: Args: [ '-c', 'nodemon ./bin/www' ]
13 silly lifecycle mall-directory-apps@0.0.0~dev: Returned: code: 1  signal: null
14 info lifecycle mall-directory-apps@0.0.0~dev: Failed to exec dev script
15 verbose stack Error: mall-directory-apps@0.0.0 dev: `nodemon ./bin/www`
15 verbose stack Exit status 1
15 verbose stack     at EventEmitter.<anonymous> (/usr/lib/node_modules/npm/lib/utils/lifecycle.js:279:16)
15 verbose stack     at emitTwo (events.js:106:13)
15 verbose stack     at EventEmitter.emit (events.js:194:7)
15 verbose stack     at ChildProcess.<anonymous> (/usr/lib/node_modules/npm/lib/utils/spawn.js:40:14)
15 verbose stack     at emitTwo (events.js:106:13)
15 verbose stack     at ChildProcess.emit (events.js:194:7)
15 verbose stack     at maybeClose (internal/child_process.js:899:16)
15 verbose stack     at Process.ChildProcess._handle.onexit (internal/child_process.js:226:5)
16 verbose pkgid mall-directory-apps@0.0.0
17 verbose cwd /home/irwin/Desktop/darwinfox/portfolio/js-todos-portfolio
18 error Linux 4.4.0-65-generic
19 error argv "/usr/bin/nodejs" "/usr/bin/npm" "run" "dev"
20 error node v7.7.2
21 error npm  v4.1.2
22 error code ELIFECYCLE
23 error mall-directory-apps@0.0.0 dev: `nodemon ./bin/www`
23 error Exit status 1
24 error Failed at the mall-directory-apps@0.0.0 dev script 'nodemon ./bin/www'.
24 error Make sure you have the latest version of node.js and npm installed.
24 error If you do, this is most likely a problem with the mall-directory-apps package,
24 error not with npm itself.
24 error Tell the author that this fails on your system:
24 error     nodemon ./bin/www
24 error You can get information on how to open an issue for this project with:
24 error     npm bugs mall-directory-apps
24 error Or if that isn't available, you can get their info via:
24 error     npm owner ls mall-directory-apps
24 error There is likely additional logging output above.
25 verbose exit [ 1, true ]
